<?xml version="1.0" encoding="UTF-8"?>
<testsuite xmlns:xsi="http://www.w3.org/2001/XMLSchema-instance" xsi:noNamespaceSchemaLocation="https://maven.apache.org/surefire/maven-surefire-plugin/xsd/surefire-test-report.xsd" name="QuadruplyLinkedList.QuadruplyLinkedListTests" time="0.104" tests="3" errors="0" skipped="0" failures="0">
  <properties>
    <property name="awt.toolkit" value="sun.awt.X11.XToolkit"/>
    <property name="java.specification.version" value="11"/>
    <property name="sun.cpu.isalist" value=""/>
    <property name="sun.jnu.encoding" value="UTF-8"/>
    <property name="java.class.path" value="/c/Users/Dominic/Projects/Personal/Quadruply-Linked-List/target/test-classes:/c/Users/Dominic/Projects/Personal/Quadruply-Linked-List/target/classes:/home/thed24/.m2/repository/junit/junit/4.11/junit-4.11.jar:/home/thed24/.m2/repository/org/hamcrest/hamcrest-core/1.3/hamcrest-core-1.3.jar:"/>
    <property name="java.vm.vendor" value="Oracle Corporation"/>
    <property name="sun.arch.data.model" value="64"/>
    <property name="java.vendor.url" value="http://java.oracle.com/"/>
    <property name="user.timezone" value=""/>
    <property name="java.vm.specification.version" value="11"/>
    <property name="os.name" value="Linux"/>
    <property name="sun.java.launcher" value="SUN_STANDARD"/>
    <property name="user.country" value="US"/>
    <property name="sun.boot.library.path" value="/usr/lib/jvm/java-11-openjdk/lib"/>
    <property name="sun.java.command" value="/c/Users/Dominic/Projects/Personal/Quadruply-Linked-List/target/surefire/surefirebooter3075217809429749938.jar /c/Users/Dominic/Projects/Personal/Quadruply-Linked-List/target/surefire 2020-07-22T13-12-05_561-jvmRun1 surefire3882903524195761960tmp surefire_012589714398920674422tmp"/>
    <property name="jdk.debug" value="release"/>
    <property name="surefire.test.class.path" value="/c/Users/Dominic/Projects/Personal/Quadruply-Linked-List/target/test-classes:/c/Users/Dominic/Projects/Personal/Quadruply-Linked-List/target/classes:/home/thed24/.m2/repository/junit/junit/4.11/junit-4.11.jar:/home/thed24/.m2/repository/org/hamcrest/hamcrest-core/1.3/hamcrest-core-1.3.jar:"/>
    <property name="sun.cpu.endian" value="little"/>
    <property name="user.home" value="/home/thed24"/>
    <property name="user.language" value="en"/>
    <property name="java.specification.vendor" value="Oracle Corporation"/>
    <property name="java.version.date" value="2020-04-14"/>
    <property name="java.home" value="/usr/lib/jvm/java-11-openjdk"/>
    <property name="file.separator" value="/"/>
    <property name="basedir" value="/c/Users/Dominic/Projects/Personal/Quadruply-Linked-List"/>
    <property name="java.vm.compressedOopsMode" value="Zero based"/>
    <property name="line.separator" value="&#10;"/>
    <property name="java.specification.name" value="Java Platform API Specification"/>
    <property name="java.vm.specification.vendor" value="Oracle Corporation"/>
    <property name="java.awt.graphicsenv" value="sun.awt.X11GraphicsEnvironment"/>
    <property name="surefire.real.class.path" value="/c/Users/Dominic/Projects/Personal/Quadruply-Linked-List/target/surefire/surefirebooter3075217809429749938.jar"/>
    <property name="sun.management.compiler" value="HotSpot 64-Bit Tiered Compilers"/>
    <property name="java.runtime.version" value="11.0.7+10"/>
    <property name="user.name" value="thed24"/>
    <property name="path.separator" value=":"/>
    <property name="os.version" value="4.19.121-microsoft-standard"/>
    <property name="java.runtime.name" value="OpenJDK Runtime Environment"/>
    <property name="file.encoding" value="UTF-8"/>
    <property name="java.vm.name" value="OpenJDK 64-Bit Server VM"/>
    <property name="localRepository" value="/home/thed24/.m2/repository"/>
    <property name="java.vendor.url.bug" value="http://bugreport.java.com/bugreport/"/>
    <property name="java.io.tmpdir" value="/tmp"/>
    <property name="java.version" value="11.0.7"/>
    <property name="user.dir" value="/c/Users/Dominic/Projects/Personal/Quadruply-Linked-List"/>
    <property name="os.arch" value="amd64"/>
    <property name="java.vm.specification.name" value="Java Virtual Machine Specification"/>
    <property name="java.awt.printerjob" value="sun.print.PSPrinterJob"/>
    <property name="sun.os.patch.level" value="unknown"/>
    <property name="java.library.path" value="/usr/java/packages/lib:/usr/lib64:/lib64:/lib:/usr/lib"/>
    <property name="java.vendor" value="Oracle Corporation"/>
    <property name="java.vm.info" value="mixed mode"/>
    <property name="java.vm.version" value="11.0.7+10"/>
    <property name="sun.io.unicode.encoding" value="UnicodeLittle"/>
    <property name="java.class.version" value="55.0"/>
  </properties>
  <testcase name="list_instantiates_every_node_with_pointers_to_other_nodes" classname="QuadruplyLinkedList.QuadruplyLinkedListTests" time="0.015"/>
  <testcase name="list_creates_with_given_width" classname="QuadruplyLinkedList.QuadruplyLinkedListTests" time="0"/>
  <testcase name="list_creates_with_given_height" classname="QuadruplyLinkedList.QuadruplyLinkedListTests" time="0"/>
</testsuite>